2022-03-31 10:24:25.933  INFO 6005 --- [main] c.b.s.SpringSecurityJwtApplication       : Starting SpringSecurityJwtApplication using Java 17.0.1 on dell-Latitude-5490 with PID 6005 (/home/dell/BridgeLabz/spring-security-jwt/target/classes started by dell in /home/dell/BridgeLabz/spring-security-jwt)
2022-03-31 10:24:25.936  INFO 6005 --- [main] c.b.s.SpringSecurityJwtApplication       : The following 1 profile is active: "dev"
2022-03-31 10:24:26.401  INFO 6005 --- [main] .s.d.r.c.RepositoryConfigurationDelegate : Bootstrapping Spring Data JPA repositories in DEFAULT mode.
2022-03-31 10:24:26.440  INFO 6005 --- [main] .s.d.r.c.RepositoryConfigurationDelegate : Finished Spring Data repository scanning in 31 ms. Found 1 JPA repository interfaces.
2022-03-31 10:24:26.809  INFO 6005 --- [main] o.s.b.w.embedded.tomcat.TomcatWebServer  : Tomcat initialized with port(s): 9090 (http)
2022-03-31 10:24:26.814  INFO 6005 --- [main] o.apache.catalina.core.StandardService   : Starting service [Tomcat]
2022-03-31 10:24:26.815  INFO 6005 --- [main] org.apache.catalina.core.StandardEngine  : Starting Servlet engine: [Apache Tomcat/9.0.58]
2022-03-31 10:24:26.878  INFO 6005 --- [main] o.a.c.c.C.[Tomcat].[localhost].[/]       : Initializing Spring embedded WebApplicationContext
2022-03-31 10:24:26.878  INFO 6005 --- [main] w.s.c.ServletWebServerApplicationContext : Root WebApplicationContext: initialization completed in 907 ms
2022-03-31 10:24:27.181  INFO 6005 --- [main] com.zaxxer.hikari.HikariDataSource       : HikariPool-1 - Starting...
2022-03-31 10:24:27.459  INFO 6005 --- [main] com.zaxxer.hikari.HikariDataSource       : HikariPool-1 - Start completed.
2022-03-31 10:24:27.833  INFO 6005 --- [main] j.LocalContainerEntityManagerFactoryBean : Initialized JPA EntityManagerFactory for persistence unit 'default'
2022-03-31 10:24:28.053  WARN 6005 --- [main] JpaBaseConfiguration$JpaWebConfiguration : spring.jpa.open-in-view is enabled by default. Therefore, database queries may be performed during view rendering. Explicitly configure spring.jpa.open-in-view to disable this warning
2022-03-31 10:24:28.159  INFO 6005 --- [main] o.s.s.web.DefaultSecurityFilterChain     : Will not secure any request
2022-03-31 10:24:28.385  INFO 6005 --- [main] o.s.b.w.embedded.tomcat.TomcatWebServer  : Tomcat started on port(s): 9090 (http) with context path ''
2022-03-31 10:24:28.393  INFO 6005 --- [main] c.b.s.SpringSecurityJwtApplication       : Started SpringSecurityJwtApplication in 2.755 seconds (JVM running for 3.372)
2022-03-31 10:25:15.617  INFO 6005 --- [http-nio-9090-exec-1] o.a.c.c.C.[Tomcat].[localhost].[/]       : Initializing Spring DispatcherServlet 'dispatcherServlet'
2022-03-31 10:26:42.708  INFO 6005 --- [SpringApplicationShutdownHook] j.LocalContainerEntityManagerFactoryBean : Closing JPA EntityManagerFactory for persistence unit 'default'
2022-03-31 10:26:42.709  INFO 6005 --- [SpringApplicationShutdownHook] com.zaxxer.hikari.HikariDataSource       : HikariPool-1 - Shutdown initiated...
2022-03-31 10:26:42.715  INFO 6005 --- [SpringApplicationShutdownHook] com.zaxxer.hikari.HikariDataSource       : HikariPool-1 - Shutdown completed.
2022-03-31 10:26:46.013  INFO 6567 --- [main] c.b.s.SpringSecurityJwtApplication       : Starting SpringSecurityJwtApplication using Java 17.0.1 on dell-Latitude-5490 with PID 6567 (/home/dell/BridgeLabz/spring-security-jwt/target/classes started by dell in /home/dell/BridgeLabz/spring-security-jwt)
2022-03-31 10:26:46.016  INFO 6567 --- [main] c.b.s.SpringSecurityJwtApplication       : The following 1 profile is active: "dev"
2022-03-31 10:26:46.527  INFO 6567 --- [main] .s.d.r.c.RepositoryConfigurationDelegate : Bootstrapping Spring Data JPA repositories in DEFAULT mode.
2022-03-31 10:26:46.559  INFO 6567 --- [main] .s.d.r.c.RepositoryConfigurationDelegate : Finished Spring Data repository scanning in 27 ms. Found 1 JPA repository interfaces.
2022-03-31 10:26:46.913  INFO 6567 --- [main] o.s.b.w.embedded.tomcat.TomcatWebServer  : Tomcat initialized with port(s): 9090 (http)
2022-03-31 10:26:46.918  INFO 6567 --- [main] o.apache.catalina.core.StandardService   : Starting service [Tomcat]
2022-03-31 10:26:46.918  INFO 6567 --- [main] org.apache.catalina.core.StandardEngine  : Starting Servlet engine: [Apache Tomcat/9.0.58]
2022-03-31 10:26:46.978  INFO 6567 --- [main] o.a.c.c.C.[Tomcat].[localhost].[/]       : Initializing Spring embedded WebApplicationContext
2022-03-31 10:26:46.979  INFO 6567 --- [main] w.s.c.ServletWebServerApplicationContext : Root WebApplicationContext: initialization completed in 922 ms
2022-03-31 10:26:47.242  INFO 6567 --- [main] com.zaxxer.hikari.HikariDataSource       : HikariPool-1 - Starting...
2022-03-31 10:26:47.438  INFO 6567 --- [main] com.zaxxer.hikari.HikariDataSource       : HikariPool-1 - Start completed.
2022-03-31 10:26:47.770  INFO 6567 --- [main] j.LocalContainerEntityManagerFactoryBean : Initialized JPA EntityManagerFactory for persistence unit 'default'
2022-03-31 10:26:47.981  WARN 6567 --- [main] JpaBaseConfiguration$JpaWebConfiguration : spring.jpa.open-in-view is enabled by default. Therefore, database queries may be performed during view rendering. Explicitly configure spring.jpa.open-in-view to disable this warning
2022-03-31 10:26:48.076  INFO 6567 --- [main] o.s.s.web.DefaultSecurityFilterChain     : Will not secure any request
2022-03-31 10:26:48.284  INFO 6567 --- [main] o.s.b.w.embedded.tomcat.TomcatWebServer  : Tomcat started on port(s): 9090 (http) with context path ''
2022-03-31 10:26:48.292  INFO 6567 --- [main] c.b.s.SpringSecurityJwtApplication       : Started SpringSecurityJwtApplication in 2.59 seconds (JVM running for 3.098)
2022-03-31 10:27:10.858  INFO 6567 --- [http-nio-9090-exec-2] o.a.c.c.C.[Tomcat].[localhost].[/]       : Initializing Spring DispatcherServlet 'dispatcherServlet'
